<?xml version="1.0" encoding="UTF-8"?>
<testsuite xmlns:xsi="http://www.w3.org/2001/XMLSchema-instance" xsi:noNamespaceSchemaLocation="https://maven.apache.org/surefire/maven-surefire-plugin/xsd/surefire-test-report-3.0.xsd" version="3.0" name="tests.AvailableBunsTest" time="0.108" tests="6" errors="0" skipped="0" failures="0">
  <properties>
[...]
</properties>
  <testcase name="testAvailableBunName[0]" classname="tests.AvailableBunsTest" time="0.01"/>
  <testcase name="testAvailableBunPrice[0]" classname="tests.AvailableBunsTest" time="0.0"/>
  <testcase name="testAvailableBunName[1]" classname="tests.AvailableBunsTest" time="0.0"/>
  <testcase name="testAvailableBunPrice[1]" classname="tests.AvailableBunsTest" time="0.001"/>
  <testcase name="testAvailableBunName[2]" classname="tests.AvailableBunsTest" time="0.0"/>
  <testcase name="testAvailableBunPrice[2]" classname="tests.AvailableBunsTest" time="0.0"/>
</testsuite>